  [1m[36m (2.8ms)[0m  [1mCREATE TABLE "schema_migrations" ("version" varchar NOT NULL) [0m
  [1m[35m (0.1ms)[0m  select sqlite_version(*)
  [1m[36m (2.4ms)[0m  [1mCREATE UNIQUE INDEX "unique_schema_migrations" ON "schema_migrations" ("version")[0m
  [1m[35mActiveRecord::SchemaMigration Load (0.1ms)[0m  SELECT "schema_migrations".* FROM "schema_migrations"
Migrating to CreateProducts (20150810071032)
  [1m[36m (0.1ms)[0m  [1mbegin transaction[0m
DEPRECATION WARNING: `#timestamp` was called without specifying an option for `null`. In Rails 5, this behavior will change to `null: false`. You should manually specify `null: true` to prevent the behavior of your existing migrations from changing. (called from block in change at /Users/zhibinzhang/Desktop/Buymore/db/migrate/20150810071032_create_products.rb:9)
  [1m[35m (0.6ms)[0m  CREATE TABLE "products" ("id" INTEGER PRIMARY KEY AUTOINCREMENT NOT NULL, "title" varchar, "description" text, "image_url" varchar, "price" decimal(8,2), "created_at" datetime, "updated_at" datetime) 
  [1m[36mSQL (0.2ms)[0m  [1mINSERT INTO "schema_migrations" ("version") VALUES (?)[0m  [["version", "20150810071032"]]
  [1m[35m (2.5ms)[0m  commit transaction
  [1m[36mActiveRecord::SchemaMigration Load (0.2ms)[0m  [1mSELECT "schema_migrations".* FROM "schema_migrations"[0m


Started GET "/store/index" for ::1 at 2015-08-10 00:15:44 -0700
  [1m[36mActiveRecord::SchemaMigration Load (0.2ms)[0m  [1mSELECT "schema_migrations".* FROM "schema_migrations"[0m

ActionController::RoutingError (No route matches [GET] "/store/index"):
  actionpack (4.2.1) lib/action_dispatch/middleware/debug_exceptions.rb:21:in `call'
  web-console (2.2.1) lib/web_console/middleware.rb:39:in `call'
  actionpack (4.2.1) lib/action_dispatch/middleware/show_exceptions.rb:30:in `call'
  railties (4.2.1) lib/rails/rack/logger.rb:38:in `call_app'
  railties (4.2.1) lib/rails/rack/logger.rb:20:in `block in call'
  activesupport (4.2.1) lib/active_support/tagged_logging.rb:68:in `block in tagged'
  activesupport (4.2.1) lib/active_support/tagged_logging.rb:26:in `tagged'
  activesupport (4.2.1) lib/active_support/tagged_logging.rb:68:in `tagged'
  railties (4.2.1) lib/rails/rack/logger.rb:20:in `call'
  actionpack (4.2.1) lib/action_dispatch/middleware/request_id.rb:21:in `call'
  rack (1.6.4) lib/rack/methodoverride.rb:22:in `call'
  rack (1.6.4) lib/rack/runtime.rb:18:in `call'
  activesupport (4.2.1) lib/active_support/cache/strategy/local_cache_middleware.rb:28:in `call'
  rack (1.6.4) lib/rack/lock.rb:17:in `call'
  actionpack (4.2.1) lib/action_dispatch/middleware/static.rb:113:in `call'
  rack (1.6.4) lib/rack/sendfile.rb:113:in `call'
  railties (4.2.1) lib/rails/engine.rb:518:in `call'
  railties (4.2.1) lib/rails/application.rb:164:in `call'
  rack (1.6.4) lib/rack/lock.rb:17:in `call'
  rack (1.6.4) lib/rack/content_length.rb:15:in `call'
  rack (1.6.4) lib/rack/handler/webrick.rb:88:in `service'
  /Users/zhibinzhang/.rvm/rubies/ruby-2.2.0/lib/ruby/2.2.0/webrick/httpserver.rb:138:in `service'
  /Users/zhibinzhang/.rvm/rubies/ruby-2.2.0/lib/ruby/2.2.0/webrick/httpserver.rb:94:in `run'
  /Users/zhibinzhang/.rvm/rubies/ruby-2.2.0/lib/ruby/2.2.0/webrick/server.rb:294:in `block in start_thread'


  Rendered /Users/zhibinzhang/.rvm/gems/ruby-2.2.0@global/gems/actionpack-4.2.1/lib/action_dispatch/middleware/templates/rescues/_trace.html.erb (2.1ms)
  Rendered /Users/zhibinzhang/.rvm/gems/ruby-2.2.0@global/gems/actionpack-4.2.1/lib/action_dispatch/middleware/templates/routes/_route.html.erb (1.5ms)
  Rendered /Users/zhibinzhang/.rvm/gems/ruby-2.2.0@global/gems/actionpack-4.2.1/lib/action_dispatch/middleware/templates/routes/_table.html.erb (20.1ms)
  Rendered /Users/zhibinzhang/.rvm/gems/ruby-2.2.0@global/gems/actionpack-4.2.1/lib/action_dispatch/middleware/templates/rescues/_request_and_response.html.erb (15.0ms)
  Rendered /Users/zhibinzhang/.rvm/gems/ruby-2.2.0@global/gems/actionpack-4.2.1/lib/action_dispatch/middleware/templates/rescues/routing_error.html.erb within rescues/layout (207.6ms)
  Rendered /Users/zhibinzhang/.rvm/gems/ruby-2.2.0/gems/web-console-2.2.1/lib/web_console/templates/_markup.html.erb (0.6ms)
  Rendered /Users/zhibinzhang/.rvm/gems/ruby-2.2.0/gems/web-console-2.2.1/lib/web_console/templates/_inner_console_markup.html.erb within layouts/inlined_string (0.5ms)
  Rendered /Users/zhibinzhang/.rvm/gems/ruby-2.2.0/gems/web-console-2.2.1/lib/web_console/templates/_prompt_box_markup.html.erb within layouts/inlined_string (0.5ms)
  Rendered /Users/zhibinzhang/.rvm/gems/ruby-2.2.0/gems/web-console-2.2.1/lib/web_console/templates/style.css.erb within layouts/inlined_string (0.5ms)
  Rendered /Users/zhibinzhang/.rvm/gems/ruby-2.2.0/gems/web-console-2.2.1/lib/web_console/templates/console.js.erb within layouts/javascript (93.5ms)
  Rendered /Users/zhibinzhang/.rvm/gems/ruby-2.2.0/gems/web-console-2.2.1/lib/web_console/templates/main.js.erb within layouts/javascript (0.4ms)
  Rendered /Users/zhibinzhang/.rvm/gems/ruby-2.2.0/gems/web-console-2.2.1/lib/web_console/templates/error_page.js.erb within layouts/javascript (0.5ms)
  Rendered /Users/zhibinzhang/.rvm/gems/ruby-2.2.0/gems/web-console-2.2.1/lib/web_console/templates/index.html.erb (211.2ms)


Started GET "/store/index" for ::1 at 2015-08-10 00:15:52 -0700

ActionController::RoutingError (No route matches [GET] "/store/index"):
  actionpack (4.2.1) lib/action_dispatch/middleware/debug_exceptions.rb:21:in `call'
  web-console (2.2.1) lib/web_console/middleware.rb:39:in `call'
  actionpack (4.2.1) lib/action_dispatch/middleware/show_exceptions.rb:30:in `call'
  railties (4.2.1) lib/rails/rack/logger.rb:38:in `call_app'
  railties (4.2.1) lib/rails/rack/logger.rb:20:in `block in call'
  activesupport (4.2.1) lib/active_support/tagged_logging.rb:68:in `block in tagged'
  activesupport (4.2.1) lib/active_support/tagged_logging.rb:26:in `tagged'
  activesupport (4.2.1) lib/active_support/tagged_logging.rb:68:in `tagged'
  railties (4.2.1) lib/rails/rack/logger.rb:20:in `call'
  actionpack (4.2.1) lib/action_dispatch/middleware/request_id.rb:21:in `call'
  rack (1.6.4) lib/rack/methodoverride.rb:22:in `call'
  rack (1.6.4) lib/rack/runtime.rb:18:in `call'
  activesupport (4.2.1) lib/active_support/cache/strategy/local_cache_middleware.rb:28:in `call'
  rack (1.6.4) lib/rack/lock.rb:17:in `call'
  actionpack (4.2.1) lib/action_dispatch/middleware/static.rb:113:in `call'
  rack (1.6.4) lib/rack/sendfile.rb:113:in `call'
  railties (4.2.1) lib/rails/engine.rb:518:in `call'
  railties (4.2.1) lib/rails/application.rb:164:in `call'
  rack (1.6.4) lib/rack/lock.rb:17:in `call'
  rack (1.6.4) lib/rack/content_length.rb:15:in `call'
  rack (1.6.4) lib/rack/handler/webrick.rb:88:in `service'
  /Users/zhibinzhang/.rvm/rubies/ruby-2.2.0/lib/ruby/2.2.0/webrick/httpserver.rb:138:in `service'
  /Users/zhibinzhang/.rvm/rubies/ruby-2.2.0/lib/ruby/2.2.0/webrick/httpserver.rb:94:in `run'
  /Users/zhibinzhang/.rvm/rubies/ruby-2.2.0/lib/ruby/2.2.0/webrick/server.rb:294:in `block in start_thread'


  Rendered /Users/zhibinzhang/.rvm/gems/ruby-2.2.0@global/gems/actionpack-4.2.1/lib/action_dispatch/middleware/templates/rescues/_trace.html.erb (2.0ms)
  Rendered /Users/zhibinzhang/.rvm/gems/ruby-2.2.0@global/gems/actionpack-4.2.1/lib/action_dispatch/middleware/templates/routes/_route.html.erb (1.5ms)
  Rendered /Users/zhibinzhang/.rvm/gems/ruby-2.2.0@global/gems/actionpack-4.2.1/lib/action_dispatch/middleware/templates/routes/_table.html.erb (2.0ms)
  Rendered /Users/zhibinzhang/.rvm/gems/ruby-2.2.0@global/gems/actionpack-4.2.1/lib/action_dispatch/middleware/templates/rescues/_request_and_response.html.erb (1.6ms)
  Rendered /Users/zhibinzhang/.rvm/gems/ruby-2.2.0@global/gems/actionpack-4.2.1/lib/action_dispatch/middleware/templates/rescues/routing_error.html.erb within rescues/layout (168.1ms)
  Rendered /Users/zhibinzhang/.rvm/gems/ruby-2.2.0/gems/web-console-2.2.1/lib/web_console/templates/_markup.html.erb (0.5ms)
  Rendered /Users/zhibinzhang/.rvm/gems/ruby-2.2.0/gems/web-console-2.2.1/lib/web_console/templates/_inner_console_markup.html.erb within layouts/inlined_string (0.5ms)
  Rendered /Users/zhibinzhang/.rvm/gems/ruby-2.2.0/gems/web-console-2.2.1/lib/web_console/templates/_prompt_box_markup.html.erb within layouts/inlined_string (0.4ms)
  Rendered /Users/zhibinzhang/.rvm/gems/ruby-2.2.0/gems/web-console-2.2.1/lib/web_console/templates/style.css.erb within layouts/inlined_string (0.7ms)
  Rendered /Users/zhibinzhang/.rvm/gems/ruby-2.2.0/gems/web-console-2.2.1/lib/web_console/templates/console.js.erb within layouts/javascript (97.2ms)
  Rendered /Users/zhibinzhang/.rvm/gems/ruby-2.2.0/gems/web-console-2.2.1/lib/web_console/templates/main.js.erb within layouts/javascript (0.5ms)
  Rendered /Users/zhibinzhang/.rvm/gems/ruby-2.2.0/gems/web-console-2.2.1/lib/web_console/templates/error_page.js.erb within layouts/javascript (0.6ms)
  Rendered /Users/zhibinzhang/.rvm/gems/ruby-2.2.0/gems/web-console-2.2.1/lib/web_console/templates/index.html.erb (204.6ms)


Started GET "/store/index" for ::1 at 2015-08-10 00:15:53 -0700

ActionController::RoutingError (No route matches [GET] "/store/index"):
  actionpack (4.2.1) lib/action_dispatch/middleware/debug_exceptions.rb:21:in `call'
  web-console (2.2.1) lib/web_console/middleware.rb:39:in `call'
  actionpack (4.2.1) lib/action_dispatch/middleware/show_exceptions.rb:30:in `call'
  railties (4.2.1) lib/rails/rack/logger.rb:38:in `call_app'
  railties (4.2.1) lib/rails/rack/logger.rb:20:in `block in call'
  activesupport (4.2.1) lib/active_support/tagged_logging.rb:68:in `block in tagged'
  activesupport (4.2.1) lib/active_support/tagged_logging.rb:26:in `tagged'
  activesupport (4.2.1) lib/active_support/tagged_logging.rb:68:in `tagged'
  railties (4.2.1) lib/rails/rack/logger.rb:20:in `call'
  actionpack (4.2.1) lib/action_dispatch/middleware/request_id.rb:21:in `call'
  rack (1.6.4) lib/rack/methodoverride.rb:22:in `call'
  rack (1.6.4) lib/rack/runtime.rb:18:in `call'
  activesupport (4.2.1) lib/active_support/cache/strategy/local_cache_middleware.rb:28:in `call'
  rack (1.6.4) lib/rack/lock.rb:17:in `call'
  actionpack (4.2.1) lib/action_dispatch/middleware/static.rb:113:in `call'
  rack (1.6.4) lib/rack/sendfile.rb:113:in `call'
  railties (4.2.1) lib/rails/engine.rb:518:in `call'
  railties (4.2.1) lib/rails/application.rb:164:in `call'
  rack (1.6.4) lib/rack/lock.rb:17:in `call'
  rack (1.6.4) lib/rack/content_length.rb:15:in `call'
  rack (1.6.4) lib/rack/handler/webrick.rb:88:in `service'
  /Users/zhibinzhang/.rvm/rubies/ruby-2.2.0/lib/ruby/2.2.0/webrick/httpserver.rb:138:in `service'
  /Users/zhibinzhang/.rvm/rubies/ruby-2.2.0/lib/ruby/2.2.0/webrick/httpserver.rb:94:in `run'
  /Users/zhibinzhang/.rvm/rubies/ruby-2.2.0/lib/ruby/2.2.0/webrick/server.rb:294:in `block in start_thread'


  Rendered /Users/zhibinzhang/.rvm/gems/ruby-2.2.0@global/gems/actionpack-4.2.1/lib/action_dispatch/middleware/templates/rescues/_trace.html.erb (2.1ms)
  Rendered /Users/zhibinzhang/.rvm/gems/ruby-2.2.0@global/gems/actionpack-4.2.1/lib/action_dispatch/middleware/templates/routes/_route.html.erb (1.7ms)
  Rendered /Users/zhibinzhang/.rvm/gems/ruby-2.2.0@global/gems/actionpack-4.2.1/lib/action_dispatch/middleware/templates/routes/_table.html.erb (2.8ms)
  Rendered /Users/zhibinzhang/.rvm/gems/ruby-2.2.0@global/gems/actionpack-4.2.1/lib/action_dispatch/middleware/templates/rescues/_request_and_response.html.erb (1.8ms)
  Rendered /Users/zhibinzhang/.rvm/gems/ruby-2.2.0@global/gems/actionpack-4.2.1/lib/action_dispatch/middleware/templates/rescues/routing_error.html.erb within rescues/layout (204.7ms)
  Rendered /Users/zhibinzhang/.rvm/gems/ruby-2.2.0/gems/web-console-2.2.1/lib/web_console/templates/_markup.html.erb (0.5ms)
  Rendered /Users/zhibinzhang/.rvm/gems/ruby-2.2.0/gems/web-console-2.2.1/lib/web_console/templates/_inner_console_markup.html.erb within layouts/inlined_string (0.6ms)
  Rendered /Users/zhibinzhang/.rvm/gems/ruby-2.2.0/gems/web-console-2.2.1/lib/web_console/templates/_prompt_box_markup.html.erb within layouts/inlined_string (0.4ms)
  Rendered /Users/zhibinzhang/.rvm/gems/ruby-2.2.0/gems/web-console-2.2.1/lib/web_console/templates/style.css.erb within layouts/inlined_string (0.5ms)
  Rendered /Users/zhibinzhang/.rvm/gems/ruby-2.2.0/gems/web-console-2.2.1/lib/web_console/templates/console.js.erb within layouts/javascript (85.1ms)
  Rendered /Users/zhibinzhang/.rvm/gems/ruby-2.2.0/gems/web-console-2.2.1/lib/web_console/templates/main.js.erb within layouts/javascript (0.5ms)
  Rendered /Users/zhibinzhang/.rvm/gems/ruby-2.2.0/gems/web-console-2.2.1/lib/web_console/templates/error_page.js.erb within layouts/javascript (0.6ms)
  Rendered /Users/zhibinzhang/.rvm/gems/ruby-2.2.0/gems/web-console-2.2.1/lib/web_console/templates/index.html.erb (195.7ms)


Started GET "/store/index" for ::1 at 2015-08-10 00:15:53 -0700

ActionController::RoutingError (No route matches [GET] "/store/index"):
  actionpack (4.2.1) lib/action_dispatch/middleware/debug_exceptions.rb:21:in `call'
  web-console (2.2.1) lib/web_console/middleware.rb:39:in `call'
  actionpack (4.2.1) lib/action_dispatch/middleware/show_exceptions.rb:30:in `call'
  railties (4.2.1) lib/rails/rack/logger.rb:38:in `call_app'
  railties (4.2.1) lib/rails/rack/logger.rb:20:in `block in call'
  activesupport (4.2.1) lib/active_support/tagged_logging.rb:68:in `block in tagged'
  activesupport (4.2.1) lib/active_support/tagged_logging.rb:26:in `tagged'
  activesupport (4.2.1) lib/active_support/tagged_logging.rb:68:in `tagged'
  railties (4.2.1) lib/rails/rack/logger.rb:20:in `call'
  actionpack (4.2.1) lib/action_dispatch/middleware/request_id.rb:21:in `call'
  rack (1.6.4) lib/rack/methodoverride.rb:22:in `call'
  rack (1.6.4) lib/rack/runtime.rb:18:in `call'
  activesupport (4.2.1) lib/active_support/cache/strategy/local_cache_middleware.rb:28:in `call'
  rack (1.6.4) lib/rack/lock.rb:17:in `call'
  actionpack (4.2.1) lib/action_dispatch/middleware/static.rb:113:in `call'
  rack (1.6.4) lib/rack/sendfile.rb:113:in `call'
  railties (4.2.1) lib/rails/engine.rb:518:in `call'
  railties (4.2.1) lib/rails/application.rb:164:in `call'
  rack (1.6.4) lib/rack/lock.rb:17:in `call'
  rack (1.6.4) lib/rack/content_length.rb:15:in `call'
  rack (1.6.4) lib/rack/handler/webrick.rb:88:in `service'
  /Users/zhibinzhang/.rvm/rubies/ruby-2.2.0/lib/ruby/2.2.0/webrick/httpserver.rb:138:in `service'
  /Users/zhibinzhang/.rvm/rubies/ruby-2.2.0/lib/ruby/2.2.0/webrick/httpserver.rb:94:in `run'
  /Users/zhibinzhang/.rvm/rubies/ruby-2.2.0/lib/ruby/2.2.0/webrick/server.rb:294:in `block in start_thread'


  Rendered /Users/zhibinzhang/.rvm/gems/ruby-2.2.0@global/gems/actionpack-4.2.1/lib/action_dispatch/middleware/templates/rescues/_trace.html.erb (1.9ms)
  Rendered /Users/zhibinzhang/.rvm/gems/ruby-2.2.0@global/gems/actionpack-4.2.1/lib/action_dispatch/middleware/templates/routes/_route.html.erb (1.5ms)
  Rendered /Users/zhibinzhang/.rvm/gems/ruby-2.2.0@global/gems/actionpack-4.2.1/lib/action_dispatch/middleware/templates/routes/_table.html.erb (2.0ms)
  Rendered /Users/zhibinzhang/.rvm/gems/ruby-2.2.0@global/gems/actionpack-4.2.1/lib/action_dispatch/middleware/templates/rescues/_request_and_response.html.erb (1.4ms)
  Rendered /Users/zhibinzhang/.rvm/gems/ruby-2.2.0@global/gems/actionpack-4.2.1/lib/action_dispatch/middleware/templates/rescues/routing_error.html.erb within rescues/layout (150.3ms)
  Rendered /Users/zhibinzhang/.rvm/gems/ruby-2.2.0/gems/web-console-2.2.1/lib/web_console/templates/_markup.html.erb (0.6ms)
  Rendered /Users/zhibinzhang/.rvm/gems/ruby-2.2.0/gems/web-console-2.2.1/lib/web_console/templates/_inner_console_markup.html.erb within layouts/inlined_string (0.5ms)
  Rendered /Users/zhibinzhang/.rvm/gems/ruby-2.2.0/gems/web-console-2.2.1/lib/web_console/templates/_prompt_box_markup.html.erb within layouts/inlined_string (0.4ms)
  Rendered /Users/zhibinzhang/.rvm/gems/ruby-2.2.0/gems/web-console-2.2.1/lib/web_console/templates/style.css.erb within layouts/inlined_string (0.5ms)
  Rendered /Users/zhibinzhang/.rvm/gems/ruby-2.2.0/gems/web-console-2.2.1/lib/web_console/templates/console.js.erb within layouts/javascript (81.3ms)
  Rendered /Users/zhibinzhang/.rvm/gems/ruby-2.2.0/gems/web-console-2.2.1/lib/web_console/templates/main.js.erb within layouts/javascript (0.4ms)
  Rendered /Users/zhibinzhang/.rvm/gems/ruby-2.2.0/gems/web-console-2.2.1/lib/web_console/templates/error_page.js.erb within layouts/javascript (0.6ms)
  Rendered /Users/zhibinzhang/.rvm/gems/ruby-2.2.0/gems/web-console-2.2.1/lib/web_console/templates/index.html.erb (180.3ms)


Started GET "/store/index" for ::1 at 2015-08-10 00:16:00 -0700

ActionController::RoutingError (No route matches [GET] "/store/index"):
  actionpack (4.2.1) lib/action_dispatch/middleware/debug_exceptions.rb:21:in `call'
  web-console (2.2.1) lib/web_console/middleware.rb:39:in `call'
  actionpack (4.2.1) lib/action_dispatch/middleware/show_exceptions.rb:30:in `call'
  railties (4.2.1) lib/rails/rack/logger.rb:38:in `call_app'
  railties (4.2.1) lib/rails/rack/logger.rb:20:in `block in call'
  activesupport (4.2.1) lib/active_support/tagged_logging.rb:68:in `block in tagged'
  activesupport (4.2.1) lib/active_support/tagged_logging.rb:26:in `tagged'
  activesupport (4.2.1) lib/active_support/tagged_logging.rb:68:in `tagged'
  railties (4.2.1) lib/rails/rack/logger.rb:20:in `call'
  actionpack (4.2.1) lib/action_dispatch/middleware/request_id.rb:21:in `call'
  rack (1.6.4) lib/rack/methodoverride.rb:22:in `call'
  rack (1.6.4) lib/rack/runtime.rb:18:in `call'
  activesupport (4.2.1) lib/active_support/cache/strategy/local_cache_middleware.rb:28:in `call'
  rack (1.6.4) lib/rack/lock.rb:17:in `call'
  actionpack (4.2.1) lib/action_dispatch/middleware/static.rb:113:in `call'
  rack (1.6.4) lib/rack/sendfile.rb:113:in `call'
  railties (4.2.1) lib/rails/engine.rb:518:in `call'
  railties (4.2.1) lib/rails/application.rb:164:in `call'
  rack (1.6.4) lib/rack/lock.rb:17:in `call'
  rack (1.6.4) lib/rack/content_length.rb:15:in `call'
  rack (1.6.4) lib/rack/handler/webrick.rb:88:in `service'
  /Users/zhibinzhang/.rvm/rubies/ruby-2.2.0/lib/ruby/2.2.0/webrick/httpserver.rb:138:in `service'
  /Users/zhibinzhang/.rvm/rubies/ruby-2.2.0/lib/ruby/2.2.0/webrick/httpserver.rb:94:in `run'
  /Users/zhibinzhang/.rvm/rubies/ruby-2.2.0/lib/ruby/2.2.0/webrick/server.rb:294:in `block in start_thread'


  Rendered /Users/zhibinzhang/.rvm/gems/ruby-2.2.0@global/gems/actionpack-4.2.1/lib/action_dispatch/middleware/templates/rescues/_trace.html.erb (2.0ms)
  Rendered /Users/zhibinzhang/.rvm/gems/ruby-2.2.0@global/gems/actionpack-4.2.1/lib/action_dispatch/middleware/templates/routes/_route.html.erb (1.5ms)
  Rendered /Users/zhibinzhang/.rvm/gems/ruby-2.2.0@global/gems/actionpack-4.2.1/lib/action_dispatch/middleware/templates/routes/_table.html.erb (1.9ms)
  Rendered /Users/zhibinzhang/.rvm/gems/ruby-2.2.0@global/gems/actionpack-4.2.1/lib/action_dispatch/middleware/templates/rescues/_request_and_response.html.erb (1.6ms)
  Rendered /Users/zhibinzhang/.rvm/gems/ruby-2.2.0@global/gems/actionpack-4.2.1/lib/action_dispatch/middleware/templates/rescues/routing_error.html.erb within rescues/layout (160.1ms)
  Rendered /Users/zhibinzhang/.rvm/gems/ruby-2.2.0/gems/web-console-2.2.1/lib/web_console/templates/_markup.html.erb (0.6ms)
  Rendered /Users/zhibinzhang/.rvm/gems/ruby-2.2.0/gems/web-console-2.2.1/lib/web_console/templates/_inner_console_markup.html.erb within layouts/inlined_string (0.5ms)
  Rendered /Users/zhibinzhang/.rvm/gems/ruby-2.2.0/gems/web-console-2.2.1/lib/web_console/templates/_prompt_box_markup.html.erb within layouts/inlined_string (0.4ms)
  Rendered /Users/zhibinzhang/.rvm/gems/ruby-2.2.0/gems/web-console-2.2.1/lib/web_console/templates/style.css.erb within layouts/inlined_string (0.5ms)
  Rendered /Users/zhibinzhang/.rvm/gems/ruby-2.2.0/gems/web-console-2.2.1/lib/web_console/templates/console.js.erb within layouts/javascript (95.0ms)
  Rendered /Users/zhibinzhang/.rvm/gems/ruby-2.2.0/gems/web-console-2.2.1/lib/web_console/templates/main.js.erb within layouts/javascript (0.5ms)
  Rendered /Users/zhibinzhang/.rvm/gems/ruby-2.2.0/gems/web-console-2.2.1/lib/web_console/templates/error_page.js.erb within layouts/javascript (0.6ms)
  Rendered /Users/zhibinzhang/.rvm/gems/ruby-2.2.0/gems/web-console-2.2.1/lib/web_console/templates/index.html.erb (203.4ms)


Started GET "/store/index" for ::1 at 2015-08-10 00:16:02 -0700

ActionController::RoutingError (No route matches [GET] "/store/index"):
  actionpack (4.2.1) lib/action_dispatch/middleware/debug_exceptions.rb:21:in `call'
  web-console (2.2.1) lib/web_console/middleware.rb:39:in `call'
  actionpack (4.2.1) lib/action_dispatch/middleware/show_exceptions.rb:30:in `call'
  railties (4.2.1) lib/rails/rack/logger.rb:38:in `call_app'
  railties (4.2.1) lib/rails/rack/logger.rb:20:in `block in call'
  activesupport (4.2.1) lib/active_support/tagged_logging.rb:68:in `block in tagged'
  activesupport (4.2.1) lib/active_support/tagged_logging.rb:26:in `tagged'
  activesupport (4.2.1) lib/active_support/tagged_logging.rb:68:in `tagged'
  railties (4.2.1) lib/rails/rack/logger.rb:20:in `call'
  actionpack (4.2.1) lib/action_dispatch/middleware/request_id.rb:21:in `call'
  rack (1.6.4) lib/rack/methodoverride.rb:22:in `call'
  rack (1.6.4) lib/rack/runtime.rb:18:in `call'
  activesupport (4.2.1) lib/active_support/cache/strategy/local_cache_middleware.rb:28:in `call'
  rack (1.6.4) lib/rack/lock.rb:17:in `call'
  actionpack (4.2.1) lib/action_dispatch/middleware/static.rb:113:in `call'
  rack (1.6.4) lib/rack/sendfile.rb:113:in `call'
  railties (4.2.1) lib/rails/engine.rb:518:in `call'
  railties (4.2.1) lib/rails/application.rb:164:in `call'
  rack (1.6.4) lib/rack/lock.rb:17:in `call'
  rack (1.6.4) lib/rack/content_length.rb:15:in `call'
  rack (1.6.4) lib/rack/handler/webrick.rb:88:in `service'
  /Users/zhibinzhang/.rvm/rubies/ruby-2.2.0/lib/ruby/2.2.0/webrick/httpserver.rb:138:in `service'
  /Users/zhibinzhang/.rvm/rubies/ruby-2.2.0/lib/ruby/2.2.0/webrick/httpserver.rb:94:in `run'
  /Users/zhibinzhang/.rvm/rubies/ruby-2.2.0/lib/ruby/2.2.0/webrick/server.rb:294:in `block in start_thread'


  Rendered /Users/zhibinzhang/.rvm/gems/ruby-2.2.0@global/gems/actionpack-4.2.1/lib/action_dispatch/middleware/templates/rescues/_trace.html.erb (2.0ms)
  Rendered /Users/zhibinzhang/.rvm/gems/ruby-2.2.0@global/gems/actionpack-4.2.1/lib/action_dispatch/middleware/templates/routes/_route.html.erb (1.7ms)
  Rendered /Users/zhibinzhang/.rvm/gems/ruby-2.2.0@global/gems/actionpack-4.2.1/lib/action_dispatch/middleware/templates/routes/_table.html.erb (2.8ms)
  Rendered /Users/zhibinzhang/.rvm/gems/ruby-2.2.0@global/gems/actionpack-4.2.1/lib/action_dispatch/middleware/templates/rescues/_request_and_response.html.erb (1.5ms)
  Rendered /Users/zhibinzhang/.rvm/gems/ruby-2.2.0@global/gems/actionpack-4.2.1/lib/action_dispatch/middleware/templates/rescues/routing_error.html.erb within rescues/layout (175.6ms)
  Rendered /Users/zhibinzhang/.rvm/gems/ruby-2.2.0/gems/web-console-2.2.1/lib/web_console/templates/_markup.html.erb (0.6ms)
  Rendered /Users/zhibinzhang/.rvm/gems/ruby-2.2.0/gems/web-console-2.2.1/lib/web_console/templates/_inner_console_markup.html.erb within layouts/inlined_string (0.7ms)
  Rendered /Users/zhibinzhang/.rvm/gems/ruby-2.2.0/gems/web-console-2.2.1/lib/web_console/templates/_prompt_box_markup.html.erb within layouts/inlined_string (0.4ms)
  Rendered /Users/zhibinzhang/.rvm/gems/ruby-2.2.0/gems/web-console-2.2.1/lib/web_console/templates/style.css.erb within layouts/inlined_string (0.5ms)
  Rendered /Users/zhibinzhang/.rvm/gems/ruby-2.2.0/gems/web-console-2.2.1/lib/web_console/templates/console.js.erb within layouts/javascript (93.6ms)
  Rendered /Users/zhibinzhang/.rvm/gems/ruby-2.2.0/gems/web-console-2.2.1/lib/web_console/templates/main.js.erb within layouts/javascript (0.4ms)
  Rendered /Users/zhibinzhang/.rvm/gems/ruby-2.2.0/gems/web-console-2.2.1/lib/web_console/templates/error_page.js.erb within layouts/javascript (0.5ms)
  Rendered /Users/zhibinzhang/.rvm/gems/ruby-2.2.0/gems/web-console-2.2.1/lib/web_console/templates/index.html.erb (198.1ms)


Started GET "/product" for ::1 at 2015-08-10 00:16:05 -0700

ActionController::RoutingError (No route matches [GET] "/product"):
  actionpack (4.2.1) lib/action_dispatch/middleware/debug_exceptions.rb:21:in `call'
  web-console (2.2.1) lib/web_console/middleware.rb:39:in `call'
  actionpack (4.2.1) lib/action_dispatch/middleware/show_exceptions.rb:30:in `call'
  railties (4.2.1) lib/rails/rack/logger.rb:38:in `call_app'
  railties (4.2.1) lib/rails/rack/logger.rb:20:in `block in call'
  activesupport (4.2.1) lib/active_support/tagged_logging.rb:68:in `block in tagged'
  activesupport (4.2.1) lib/active_support/tagged_logging.rb:26:in `tagged'
  activesupport (4.2.1) lib/active_support/tagged_logging.rb:68:in `tagged'
  railties (4.2.1) lib/rails/rack/logger.rb:20:in `call'
  actionpack (4.2.1) lib/action_dispatch/middleware/request_id.rb:21:in `call'
  rack (1.6.4) lib/rack/methodoverride.rb:22:in `call'
  rack (1.6.4) lib/rack/runtime.rb:18:in `call'
  activesupport (4.2.1) lib/active_support/cache/strategy/local_cache_middleware.rb:28:in `call'
  rack (1.6.4) lib/rack/lock.rb:17:in `call'
  actionpack (4.2.1) lib/action_dispatch/middleware/static.rb:113:in `call'
  rack (1.6.4) lib/rack/sendfile.rb:113:in `call'
  railties (4.2.1) lib/rails/engine.rb:518:in `call'
  railties (4.2.1) lib/rails/application.rb:164:in `call'
  rack (1.6.4) lib/rack/lock.rb:17:in `call'
  rack (1.6.4) lib/rack/content_length.rb:15:in `call'
  rack (1.6.4) lib/rack/handler/webrick.rb:88:in `service'
  /Users/zhibinzhang/.rvm/rubies/ruby-2.2.0/lib/ruby/2.2.0/webrick/httpserver.rb:138:in `service'
  /Users/zhibinzhang/.rvm/rubies/ruby-2.2.0/lib/ruby/2.2.0/webrick/httpserver.rb:94:in `run'
  /Users/zhibinzhang/.rvm/rubies/ruby-2.2.0/lib/ruby/2.2.0/webrick/server.rb:294:in `block in start_thread'


  Rendered /Users/zhibinzhang/.rvm/gems/ruby-2.2.0@global/gems/actionpack-4.2.1/lib/action_dispatch/middleware/templates/rescues/_trace.html.erb (2.0ms)
  Rendered /Users/zhibinzhang/.rvm/gems/ruby-2.2.0@global/gems/actionpack-4.2.1/lib/action_dispatch/middleware/templates/routes/_route.html.erb (3.0ms)
  Rendered /Users/zhibinzhang/.rvm/gems/ruby-2.2.0@global/gems/actionpack-4.2.1/lib/action_dispatch/middleware/templates/routes/_table.html.erb (2.2ms)
  Rendered /Users/zhibinzhang/.rvm/gems/ruby-2.2.0@global/gems/actionpack-4.2.1/lib/action_dispatch/middleware/templates/rescues/_request_and_response.html.erb (1.9ms)
  Rendered /Users/zhibinzhang/.rvm/gems/ruby-2.2.0@global/gems/actionpack-4.2.1/lib/action_dispatch/middleware/templates/rescues/routing_error.html.erb within rescues/layout (155.5ms)
  Rendered /Users/zhibinzhang/.rvm/gems/ruby-2.2.0/gems/web-console-2.2.1/lib/web_console/templates/_markup.html.erb (0.6ms)
  Rendered /Users/zhibinzhang/.rvm/gems/ruby-2.2.0/gems/web-console-2.2.1/lib/web_console/templates/_inner_console_markup.html.erb within layouts/inlined_string (0.5ms)
  Rendered /Users/zhibinzhang/.rvm/gems/ruby-2.2.0/gems/web-console-2.2.1/lib/web_console/templates/_prompt_box_markup.html.erb within layouts/inlined_string (0.7ms)
  Rendered /Users/zhibinzhang/.rvm/gems/ruby-2.2.0/gems/web-console-2.2.1/lib/web_console/templates/style.css.erb within layouts/inlined_string (0.6ms)
  Rendered /Users/zhibinzhang/.rvm/gems/ruby-2.2.0/gems/web-console-2.2.1/lib/web_console/templates/console.js.erb within layouts/javascript (90.9ms)
  Rendered /Users/zhibinzhang/.rvm/gems/ruby-2.2.0/gems/web-console-2.2.1/lib/web_console/templates/main.js.erb within layouts/javascript (0.4ms)
  Rendered /Users/zhibinzhang/.rvm/gems/ruby-2.2.0/gems/web-console-2.2.1/lib/web_console/templates/error_page.js.erb within layouts/javascript (0.6ms)
  Rendered /Users/zhibinzhang/.rvm/gems/ruby-2.2.0/gems/web-console-2.2.1/lib/web_console/templates/index.html.erb (201.0ms)


Started GET "/products" for ::1 at 2015-08-10 00:16:11 -0700
Processing by ProductsController#index as HTML
  [1m[35mProduct Load (0.2ms)[0m  SELECT "products".* FROM "products"
  Rendered products/index.html.erb within layouts/application (3.2ms)
Completed 200 OK in 2517ms (Views: 2513.4ms | ActiveRecord: 0.4ms)


Started GET "/assets/products.self-e3b0c44298fc1c149afbf4c8996fb92427ae41e4649b934ca495991b7852b855.css?body=1" for ::1 at 2015-08-10 00:16:14 -0700


Started GET "/assets/scaffolds.self-ae47523fba8d8e9b74e10d30229ae0a6bcb19c685077214f2a287e94eb685523.css?body=1" for ::1 at 2015-08-10 00:16:14 -0700


Started GET "/assets/products.self-877aef30ae1b040ab8a3aba4e3e309a11d7f2612f44dde450b5c157aa5f95c05.js?body=1" for ::1 at 2015-08-10 00:16:14 -0700


Started GET "/products/new" for ::1 at 2015-08-10 00:18:17 -0700
Processing by ProductsController#new as HTML
  Rendered products/_form.html.erb (259.2ms)
  Rendered products/new.html.erb within layouts/application (262.7ms)
Completed 200 OK in 346ms (Views: 331.7ms | ActiveRecord: 0.4ms)
  [1m[36mActiveRecord::SchemaMigration Load (0.1ms)[0m  [1mSELECT "schema_migrations".* FROM "schema_migrations"[0m
  [1m[35mSQL (3.0ms)[0m  DELETE FROM "products"
  [1m[36m (0.2ms)[0m  [1mbegin transaction[0m
  [1m[35mSQL (1.0ms)[0m  INSERT INTO "products" ("title", "description", "image_url", "price", "created_at", "updated_at") VALUES (?, ?, ?, ?, ?, ?)  [["title", "CoffeeScript"], ["description", "<p>\n        CoffeeScript is JavaScript done right. It provides all of JavaScript's\n  functionality wrapped in a cleaner, more succinct syntax. In the first\n  book on this exciting new language, CoffeeScript guru Trevor Burnham\n  shows you how to hold onto all the power and flexibility of JavaScript\n  while writing clearer, cleaner, and safer code.\n      </p>"], ["image_url", "cs.jpg"], ["price", 36.0], ["created_at", "2015-08-10 07:20:01.210638"], ["updated_at", "2015-08-10 07:20:01.210638"]]
  [1m[36m (3.3ms)[0m  [1mcommit transaction[0m
  [1m[35m (0.1ms)[0m  begin transaction
  [1m[36mSQL (0.5ms)[0m  [1mINSERT INTO "products" ("title", "description", "image_url", "price", "created_at", "updated_at") VALUES (?, ?, ?, ?, ?, ?)[0m  [["title", "Programming Ruby 1.9 & 2.0"], ["description", "<p>\n        Ruby is the fastest growing and most exciting dynamic language\n        out there. If you need to get working programs delivered fast,\n        you should add Ruby to your toolbox.\n      </p>"], ["image_url", "ruby.jpg"], ["price", 49.95], ["created_at", "2015-08-10 07:20:01.235380"], ["updated_at", "2015-08-10 07:20:01.235380"]]
  [1m[35m (2.5ms)[0m  commit transaction
  [1m[36m (0.1ms)[0m  [1mbegin transaction[0m
  [1m[35mSQL (0.5ms)[0m  INSERT INTO "products" ("title", "description", "image_url", "price", "created_at", "updated_at") VALUES (?, ?, ?, ?, ?, ?)  [["title", "Rails Test Prescriptions"], ["description", "<p>\n        <em>Rails Test Prescriptions</em> is a comprehensive guide to testing\n        Rails applications, covering Test-Driven Development from both a\n        theoretical perspective (why to test) and from a practical perspective\n        (how to test effectively). It covers the core Rails testing tools and\n        procedures for Rails 2 and Rails 3, and introduces popular add-ons,\n        including Cucumber, Shoulda, Machinist, Mocha, and Rcov.\n      </p>"], ["image_url", "rtp.jpg"], ["price", 34.95], ["created_at", "2015-08-10 07:20:01.241257"], ["updated_at", "2015-08-10 07:20:01.241257"]]
  [1m[36m (2.2ms)[0m  [1mcommit transaction[0m


Started GET "/products" for ::1 at 2015-08-10 00:23:21 -0700
Processing by ProductsController#index as HTML
  [1m[36mProduct Load (0.3ms)[0m  [1mSELECT "products".* FROM "products"[0m
  Rendered products/index.html.erb within layouts/application (3.1ms)
Completed 200 OK in 139ms (Views: 137.2ms | ActiveRecord: 0.3ms)


Started GET "/assets/scaffolds.self-ae47523fba8d8e9b74e10d30229ae0a6bcb19c685077214f2a287e94eb685523.css?body=1" for ::1 at 2015-08-10 00:23:22 -0700


Started GET "/assets/products.self-877aef30ae1b040ab8a3aba4e3e309a11d7f2612f44dde450b5c157aa5f95c05.js?body=1" for ::1 at 2015-08-10 00:23:22 -0700


Started GET "/assets/application.self-3b8dabdc891efe46b9a144b400ad69e37d7e5876bdc39dee783419a69d7ca819.js?body=1" for ::1 at 2015-08-10 00:23:22 -0700


Started GET "/assets/application.self-e80e8f2318043e8af94dddc2adad5a4f09739a8ebb323b3ab31cd71d45fd9113.css?body=1" for ::1 at 2015-08-10 00:23:22 -0700


Started GET "/assets/jquery.self-d03a5518f45df77341bdbe6201ba3bfa547ebba8ed64f0ea56bfa5f96ea7c074.js?body=1" for ::1 at 2015-08-10 00:23:22 -0700


Started GET "/assets/products.self-b7ce3d3e34962bc428b729d78ce6e7c495a9f89c05da487863f18afac51603e9.css?body=1" for ::1 at 2015-08-10 00:23:22 -0700


Started GET "/assets/turbolinks.self-c37727e9bd6b2735da5c311aa83fead54ed0be6cc8bd9a65309e9c5abe2cbfff.js?body=1" for ::1 at 2015-08-10 00:23:22 -0700


Started GET "/assets/jquery_ujs.self-ca5248a2fad13d6bd58ea121318d642f195f0b2dd818b30615f785ff365e8d1f.js?body=1" for ::1 at 2015-08-10 00:23:22 -0700


Started GET "/products/new" for ::1 at 2015-08-10 00:23:27 -0700
Processing by ProductsController#new as HTML
  Rendered products/_form.html.erb (4.5ms)
  Rendered products/new.html.erb within layouts/application (7.7ms)
Completed 200 OK in 82ms (Views: 80.9ms | ActiveRecord: 0.0ms)


Started GET "/products/1" for ::1 at 2015-08-10 00:23:33 -0700
Processing by ProductsController#show as HTML
  Parameters: {"id"=>"1"}
  [1m[35mProduct Load (0.3ms)[0m  SELECT  "products".* FROM "products" WHERE "products"."id" = ? LIMIT 1  [["id", 1]]
  Rendered products/show.html.erb within layouts/application (1.9ms)
Completed 200 OK in 81ms (Views: 62.3ms | ActiveRecord: 0.3ms)


Started GET "/products/1/edit" for ::1 at 2015-08-10 00:23:34 -0700
Processing by ProductsController#edit as HTML
  Parameters: {"id"=>"1"}
  [1m[36mProduct Load (0.2ms)[0m  [1mSELECT  "products".* FROM "products" WHERE "products"."id" = ? LIMIT 1[0m  [["id", 1]]
  Rendered products/_form.html.erb (4.0ms)
  Rendered products/edit.html.erb within layouts/application (7.5ms)
Completed 200 OK in 56ms (Views: 54.8ms | ActiveRecord: 0.2ms)


Started GET "/products/1" for ::1 at 2015-08-10 00:23:45 -0700
Processing by ProductsController#show as HTML
  Parameters: {"id"=>"1"}
  [1m[35mProduct Load (0.1ms)[0m  SELECT  "products".* FROM "products" WHERE "products"."id" = ? LIMIT 1  [["id", 1]]
  Rendered products/show.html.erb within layouts/application (0.5ms)
Completed 200 OK in 52ms (Views: 50.7ms | ActiveRecord: 0.1ms)


Started GET "/products" for ::1 at 2015-08-10 00:23:47 -0700
Processing by ProductsController#index as HTML
  [1m[36mProduct Load (0.2ms)[0m  [1mSELECT "products".* FROM "products"[0m
  Rendered products/index.html.erb within layouts/application (2.6ms)
Completed 200 OK in 43ms (Views: 42.4ms | ActiveRecord: 0.2ms)


Started GET "/products" for ::1 at 2015-08-10 00:24:46 -0700
Processing by ProductsController#index as HTML
  [1m[35mProduct Load (0.2ms)[0m  SELECT "products".* FROM "products"
  Rendered products/index.html.erb within layouts/application (117.3ms)
Completed 200 OK in 159ms (Views: 158.5ms | ActiveRecord: 0.2ms)


Started GET "/assets/products.self-b7ce3d3e34962bc428b729d78ce6e7c495a9f89c05da487863f18afac51603e9.css?body=1" for ::1 at 2015-08-10 00:24:47 -0700


Started GET "/assets/scaffolds.self-ae47523fba8d8e9b74e10d30229ae0a6bcb19c685077214f2a287e94eb685523.css?body=1" for ::1 at 2015-08-10 00:24:47 -0700


Started GET "/assets/jquery.self-d03a5518f45df77341bdbe6201ba3bfa547ebba8ed64f0ea56bfa5f96ea7c074.js?body=1" for ::1 at 2015-08-10 00:24:47 -0700


Started GET "/assets/turbolinks.self-c37727e9bd6b2735da5c311aa83fead54ed0be6cc8bd9a65309e9c5abe2cbfff.js?body=1" for ::1 at 2015-08-10 00:24:47 -0700


Started GET "/assets/products.self-877aef30ae1b040ab8a3aba4e3e309a11d7f2612f44dde450b5c157aa5f95c05.js?body=1" for ::1 at 2015-08-10 00:24:47 -0700


Started GET "/assets/application.self-e80e8f2318043e8af94dddc2adad5a4f09739a8ebb323b3ab31cd71d45fd9113.css?body=1" for ::1 at 2015-08-10 00:24:47 -0700


Started GET "/assets/jquery_ujs.self-ca5248a2fad13d6bd58ea121318d642f195f0b2dd818b30615f785ff365e8d1f.js?body=1" for ::1 at 2015-08-10 00:24:47 -0700


Started GET "/assets/application.self-3b8dabdc891efe46b9a144b400ad69e37d7e5876bdc39dee783419a69d7ca819.js?body=1" for ::1 at 2015-08-10 00:24:47 -0700


Started GET "/images/cs.jpg" for ::1 at 2015-08-10 00:24:47 -0700

ActionController::RoutingError (No route matches [GET] "/images/cs.jpg"):
  actionpack (4.2.1) lib/action_dispatch/middleware/debug_exceptions.rb:21:in `call'
  web-console (2.2.1) lib/web_console/middleware.rb:39:in `call'
  actionpack (4.2.1) lib/action_dispatch/middleware/show_exceptions.rb:30:in `call'
  railties (4.2.1) lib/rails/rack/logger.rb:38:in `call_app'
  railties (4.2.1) lib/rails/rack/logger.rb:20:in `block in call'
  activesupport (4.2.1) lib/active_support/tagged_logging.rb:68:in `block in tagged'
  activesupport (4.2.1) lib/active_support/tagged_logging.rb:26:in `tagged'
  activesupport (4.2.1) lib/active_support/tagged_logging.rb:68:in `tagged'
  railties (4.2.1) lib/rails/rack/logger.rb:20:in `call'
  actionpack (4.2.1) lib/action_dispatch/middleware/request_id.rb:21:in `call'
  rack (1.6.4) lib/rack/methodoverride.rb:22:in `call'
  rack (1.6.4) lib/rack/runtime.rb:18:in `call'
  activesupport (4.2.1) lib/active_support/cache/strategy/local_cache_middleware.rb:28:in `call'
  rack (1.6.4) lib/rack/lock.rb:17:in `call'
  actionpack (4.2.1) lib/action_dispatch/middleware/static.rb:113:in `call'
  rack (1.6.4) lib/rack/sendfile.rb:113:in `call'
  railties (4.2.1) lib/rails/engine.rb:518:in `call'
  railties (4.2.1) lib/rails/application.rb:164:in `call'
  rack (1.6.4) lib/rack/lock.rb:17:in `call'
  rack (1.6.4) lib/rack/content_length.rb:15:in `call'
  rack (1.6.4) lib/rack/handler/webrick.rb:88:in `service'
  /Users/zhibinzhang/.rvm/rubies/ruby-2.2.0/lib/ruby/2.2.0/webrick/httpserver.rb:138:in `service'
  /Users/zhibinzhang/.rvm/rubies/ruby-2.2.0/lib/ruby/2.2.0/webrick/httpserver.rb:94:in `run'
  /Users/zhibinzhang/.rvm/rubies/ruby-2.2.0/lib/ruby/2.2.0/webrick/server.rb:294:in `block in start_thread'


  Rendered /Users/zhibinzhang/.rvm/gems/ruby-2.2.0@global/gems/actionpack-4.2.1/lib/action_dispatch/middleware/templates/rescues/_trace.html.erb (2.3ms)
  Rendered /Users/zhibinzhang/.rvm/gems/ruby-2.2.0@global/gems/actionpack-4.2.1/lib/action_dispatch/middleware/templates/routes/_route.html.erb (1.7ms)
  Rendered /Users/zhibinzhang/.rvm/gems/ruby-2.2.0@global/gems/actionpack-4.2.1/lib/action_dispatch/middleware/templates/routes/_table.html.erb (2.0ms)
  Rendered /Users/zhibinzhang/.rvm/gems/ruby-2.2.0@global/gems/actionpack-4.2.1/lib/action_dispatch/middleware/templates/rescues/_request_and_response.html.erb (1.7ms)
  Rendered /Users/zhibinzhang/.rvm/gems/ruby-2.2.0@global/gems/actionpack-4.2.1/lib/action_dispatch/middleware/templates/rescues/routing_error.html.erb within rescues/layout (152.6ms)
  Rendered /Users/zhibinzhang/.rvm/gems/ruby-2.2.0/gems/web-console-2.2.1/lib/web_console/templates/_markup.html.erb (0.6ms)
  Rendered /Users/zhibinzhang/.rvm/gems/ruby-2.2.0/gems/web-console-2.2.1/lib/web_console/templates/_inner_console_markup.html.erb within layouts/inlined_string (0.5ms)
  Rendered /Users/zhibinzhang/.rvm/gems/ruby-2.2.0/gems/web-console-2.2.1/lib/web_console/templates/_prompt_box_markup.html.erb within layouts/inlined_string (0.5ms)
  Rendered /Users/zhibinzhang/.rvm/gems/ruby-2.2.0/gems/web-console-2.2.1/lib/web_console/templates/style.css.erb within layouts/inlined_string (0.5ms)
  Rendered /Users/zhibinzhang/.rvm/gems/ruby-2.2.0/gems/web-console-2.2.1/lib/web_console/templates/console.js.erb within layouts/javascript (81.1ms)
  Rendered /Users/zhibinzhang/.rvm/gems/ruby-2.2.0/gems/web-console-2.2.1/lib/web_console/templates/main.js.erb within layouts/javascript (0.4ms)
  Rendered /Users/zhibinzhang/.rvm/gems/ruby-2.2.0/gems/web-console-2.2.1/lib/web_console/templates/error_page.js.erb within layouts/javascript (0.6ms)
  Rendered /Users/zhibinzhang/.rvm/gems/ruby-2.2.0/gems/web-console-2.2.1/lib/web_console/templates/index.html.erb (180.8ms)


Started GET "/images/ruby.jpg" for ::1 at 2015-08-10 00:24:47 -0700

ActionController::RoutingError (No route matches [GET] "/images/ruby.jpg"):
  actionpack (4.2.1) lib/action_dispatch/middleware/debug_exceptions.rb:21:in `call'
  web-console (2.2.1) lib/web_console/middleware.rb:39:in `call'
  actionpack (4.2.1) lib/action_dispatch/middleware/show_exceptions.rb:30:in `call'
  railties (4.2.1) lib/rails/rack/logger.rb:38:in `call_app'
  railties (4.2.1) lib/rails/rack/logger.rb:20:in `block in call'
  activesupport (4.2.1) lib/active_support/tagged_logging.rb:68:in `block in tagged'
  activesupport (4.2.1) lib/active_support/tagged_logging.rb:26:in `tagged'
  activesupport (4.2.1) lib/active_support/tagged_logging.rb:68:in `tagged'
  railties (4.2.1) lib/rails/rack/logger.rb:20:in `call'
  actionpack (4.2.1) lib/action_dispatch/middleware/request_id.rb:21:in `call'
  rack (1.6.4) lib/rack/methodoverride.rb:22:in `call'
  rack (1.6.4) lib/rack/runtime.rb:18:in `call'
  activesupport (4.2.1) lib/active_support/cache/strategy/local_cache_middleware.rb:28:in `call'
  rack (1.6.4) lib/rack/lock.rb:17:in `call'
  actionpack (4.2.1) lib/action_dispatch/middleware/static.rb:113:in `call'
  rack (1.6.4) lib/rack/sendfile.rb:113:in `call'
  railties (4.2.1) lib/rails/engine.rb:518:in `call'
  railties (4.2.1) lib/rails/application.rb:164:in `call'
  rack (1.6.4) lib/rack/lock.rb:17:in `call'
  rack (1.6.4) lib/rack/content_length.rb:15:in `call'
  rack (1.6.4) lib/rack/handler/webrick.rb:88:in `service'
  /Users/zhibinzhang/.rvm/rubies/ruby-2.2.0/lib/ruby/2.2.0/webrick/httpserver.rb:138:in `service'
  /Users/zhibinzhang/.rvm/rubies/ruby-2.2.0/lib/ruby/2.2.0/webrick/httpserver.rb:94:in `run'
  /Users/zhibinzhang/.rvm/rubies/ruby-2.2.0/lib/ruby/2.2.0/webrick/server.rb:294:in `block in start_thread'


  Rendered /Users/zhibinzhang/.rvm/gems/ruby-2.2.0@global/gems/actionpack-4.2.1/lib/action_dispatch/middleware/templates/rescues/_trace.html.erb (2.1ms)
  Rendered /Users/zhibinzhang/.rvm/gems/ruby-2.2.0@global/gems/actionpack-4.2.1/lib/action_dispatch/middleware/templates/routes/_route.html.erb (1.6ms)
  Rendered /Users/zhibinzhang/.rvm/gems/ruby-2.2.0@global/gems/actionpack-4.2.1/lib/action_dispatch/middleware/templates/routes/_table.html.erb (1.9ms)
  Rendered /Users/zhibinzhang/.rvm/gems/ruby-2.2.0@global/gems/actionpack-4.2.1/lib/action_dispatch/middleware/templates/rescues/_request_and_response.html.erb (2.8ms)
  Rendered /Users/zhibinzhang/.rvm/gems/ruby-2.2.0@global/gems/actionpack-4.2.1/lib/action_dispatch/middleware/templates/rescues/routing_error.html.erb within rescues/layout (163.1ms)
  Rendered /Users/zhibinzhang/.rvm/gems/ruby-2.2.0/gems/web-console-2.2.1/lib/web_console/templates/_markup.html.erb (0.5ms)
  Rendered /Users/zhibinzhang/.rvm/gems/ruby-2.2.0/gems/web-console-2.2.1/lib/web_console/templates/_inner_console_markup.html.erb within layouts/inlined_string (0.5ms)
  Rendered /Users/zhibinzhang/.rvm/gems/ruby-2.2.0/gems/web-console-2.2.1/lib/web_console/templates/_prompt_box_markup.html.erb within layouts/inlined_string (0.4ms)
  Rendered /Users/zhibinzhang/.rvm/gems/ruby-2.2.0/gems/web-console-2.2.1/lib/web_console/templates/style.css.erb within layouts/inlined_string (0.5ms)
  Rendered /Users/zhibinzhang/.rvm/gems/ruby-2.2.0/gems/web-console-2.2.1/lib/web_console/templates/console.js.erb within layouts/javascript (77.9ms)
  Rendered /Users/zhibinzhang/.rvm/gems/ruby-2.2.0/gems/web-console-2.2.1/lib/web_console/templates/main.js.erb within layouts/javascript (0.5ms)
  Rendered /Users/zhibinzhang/.rvm/gems/ruby-2.2.0/gems/web-console-2.2.1/lib/web_console/templates/error_page.js.erb within layouts/javascript (0.6ms)
  Rendered /Users/zhibinzhang/.rvm/gems/ruby-2.2.0/gems/web-console-2.2.1/lib/web_console/templates/index.html.erb (181.1ms)


Started GET "/images/rtp.jpg" for ::1 at 2015-08-10 00:24:47 -0700

ActionController::RoutingError (No route matches [GET] "/images/rtp.jpg"):
  actionpack (4.2.1) lib/action_dispatch/middleware/debug_exceptions.rb:21:in `call'
  web-console (2.2.1) lib/web_console/middleware.rb:39:in `call'
  actionpack (4.2.1) lib/action_dispatch/middleware/show_exceptions.rb:30:in `call'
  railties (4.2.1) lib/rails/rack/logger.rb:38:in `call_app'
  railties (4.2.1) lib/rails/rack/logger.rb:20:in `block in call'
  activesupport (4.2.1) lib/active_support/tagged_logging.rb:68:in `block in tagged'
  activesupport (4.2.1) lib/active_support/tagged_logging.rb:26:in `tagged'
  activesupport (4.2.1) lib/active_support/tagged_logging.rb:68:in `tagged'
  railties (4.2.1) lib/rails/rack/logger.rb:20:in `call'
  actionpack (4.2.1) lib/action_dispatch/middleware/request_id.rb:21:in `call'
  rack (1.6.4) lib/rack/methodoverride.rb:22:in `call'
  rack (1.6.4) lib/rack/runtime.rb:18:in `call'
  activesupport (4.2.1) lib/active_support/cache/strategy/local_cache_middleware.rb:28:in `call'
  rack (1.6.4) lib/rack/lock.rb:17:in `call'
  actionpack (4.2.1) lib/action_dispatch/middleware/static.rb:113:in `call'
  rack (1.6.4) lib/rack/sendfile.rb:113:in `call'
  railties (4.2.1) lib/rails/engine.rb:518:in `call'
  railties (4.2.1) lib/rails/application.rb:164:in `call'
  rack (1.6.4) lib/rack/lock.rb:17:in `call'
  rack (1.6.4) lib/rack/content_length.rb:15:in `call'
  rack (1.6.4) lib/rack/handler/webrick.rb:88:in `service'
  /Users/zhibinzhang/.rvm/rubies/ruby-2.2.0/lib/ruby/2.2.0/webrick/httpserver.rb:138:in `service'
  /Users/zhibinzhang/.rvm/rubies/ruby-2.2.0/lib/ruby/2.2.0/webrick/httpserver.rb:94:in `run'
  /Users/zhibinzhang/.rvm/rubies/ruby-2.2.0/lib/ruby/2.2.0/webrick/server.rb:294:in `block in start_thread'


  Rendered /Users/zhibinzhang/.rvm/gems/ruby-2.2.0@global/gems/actionpack-4.2.1/lib/action_dispatch/middleware/templates/rescues/_trace.html.erb (3.0ms)
  Rendered /Users/zhibinzhang/.rvm/gems/ruby-2.2.0@global/gems/actionpack-4.2.1/lib/action_dispatch/middleware/templates/routes/_route.html.erb (1.6ms)
  Rendered /Users/zhibinzhang/.rvm/gems/ruby-2.2.0@global/gems/actionpack-4.2.1/lib/action_dispatch/middleware/templates/routes/_table.html.erb (1.8ms)
  Rendered /Users/zhibinzhang/.rvm/gems/ruby-2.2.0@global/gems/actionpack-4.2.1/lib/action_dispatch/middleware/templates/rescues/_request_and_response.html.erb (1.7ms)
  Rendered /Users/zhibinzhang/.rvm/gems/ruby-2.2.0@global/gems/actionpack-4.2.1/lib/action_dispatch/middleware/templates/rescues/routing_error.html.erb within rescues/layout (165.9ms)
  Rendered /Users/zhibinzhang/.rvm/gems/ruby-2.2.0/gems/web-console-2.2.1/lib/web_console/templates/_markup.html.erb (0.5ms)
  Rendered /Users/zhibinzhang/.rvm/gems/ruby-2.2.0/gems/web-console-2.2.1/lib/web_console/templates/_inner_console_markup.html.erb within layouts/inlined_string (0.5ms)
  Rendered /Users/zhibinzhang/.rvm/gems/ruby-2.2.0/gems/web-console-2.2.1/lib/web_console/templates/_prompt_box_markup.html.erb within layouts/inlined_string (0.4ms)
  Rendered /Users/zhibinzhang/.rvm/gems/ruby-2.2.0/gems/web-console-2.2.1/lib/web_console/templates/style.css.erb within layouts/inlined_string (0.6ms)
  Rendered /Users/zhibinzhang/.rvm/gems/ruby-2.2.0/gems/web-console-2.2.1/lib/web_console/templates/console.js.erb within layouts/javascript (82.3ms)
  Rendered /Users/zhibinzhang/.rvm/gems/ruby-2.2.0/gems/web-console-2.2.1/lib/web_console/templates/main.js.erb within layouts/javascript (0.5ms)
  Rendered /Users/zhibinzhang/.rvm/gems/ruby-2.2.0/gems/web-console-2.2.1/lib/web_console/templates/error_page.js.erb within layouts/javascript (0.6ms)
  Rendered /Users/zhibinzhang/.rvm/gems/ruby-2.2.0/gems/web-console-2.2.1/lib/web_console/templates/index.html.erb (179.2ms)
